  0:00 ------------------------------------------------------------
  0:00 InitGame: \g_siegeTeamSwitch\1\sv_floodProtect\1\sv_maxPing\0\sv_minPing\0\sv_maxRate\7000\sv_hostname\^3FZClub.Ru ^7| ^1Test\capturelimit\20\dmflags\128\fraglimit\00\timelimit\40\g_privateDuel\1\g_saberLocking\1\g_maxForceRank\7\duel_fraglimit\1\g_forceBasedTeams\0\g_duelWeaponDisable\524279\g_needpass\0\sv_privateClients\0\sv_maxclients\14\sv_allowDownload\0\g_noSpecMove\0\g_debugMelee\1\g_allowNPC\1\g_maxGameClients\0\g_jediVmerc\0\g_forceRegenTime\200\g_forcePowerDisable\262143\g_weaponDisable\524279\g_siegeRespawn\20\g_siegeTeam1\none\g_siegeTeam2\none\version\JAmp: v1.0.1.0 win-x86 Oct 24 2003\g_maxHolocronCarry\3\g_gametype\0\protocol\26\mapname\mp/ffa5\g_stepSlideFix\1\gamename\basejka\g_saberWallDamageScale\0.4\bg_fighterAltControl\0\g_showDuelHealths\0
  7:46 ShutdownGame:
  7:46 ------------------------------------------------------------
  7:46 ------------------------------------------------------------
  7:46 InitGame: \g_siegeTeamSwitch\1\sv_floodProtect\1\sv_maxPing\0\sv_minPing\0\sv_maxRate\7000\sv_hostname\^3FZClub.Ru ^7| ^1Test\capturelimit\20\dmflags\128\fraglimit\00\timelimit\40\g_privateDuel\1\g_saberLocking\1\g_maxForceRank\7\duel_fraglimit\1\g_forceBasedTeams\0\g_duelWeaponDisable\524279\g_needpass\0\sv_privateClients\0\sv_maxclients\14\sv_allowDownload\0\bot_minplayers\0\g_noSpecMove\0\g_debugMelee\1\g_allowNPC\1\g_maxGameClients\0\g_jediVmerc\0\g_forceRegenTime\200\g_forcePowerDisable\262143\g_weaponDisable\524279\g_siegeRespawn\20\g_siegeTeam1\none\g_siegeTeam2\none\version\JAmp: v1.0.1.0 win-x86 Oct 24 2003\g_maxHolocronCarry\3\g_gametype\0\protocol\26\mapname\(x-sith)TEMPLE_v4\g_stepSlideFix\1\gamename\basejka\g_saberWallDamageScale\0.4\bg_fighterAltControl\0\g_showDuelHealths\0
 11:51 ClientConnect: 0
 12:52 ClientBegin: 0
 13:27 setteam:  0 SPECTATOR FREE
 13:27 ClientBegin: 0
 13:48 ClientDisconnect: 0
 21:28 ShutdownGame:
 21:28 ------------------------------------------------------------
 21:28 ------------------------------------------------------------
 21:28 InitGame: \g_siegeTeamSwitch\1\sv_floodProtect\1\sv_maxPing\0\sv_minPing\0\sv_maxRate\7000\sv_hostname\^3FZClub.Ru ^7| ^1Test\capturelimit\20\dmflags\128\fraglimit\00\timelimit\40\g_privateDuel\1\g_saberLocking\1\g_maxForceRank\7\duel_fraglimit\1\g_forceBasedTeams\0\g_duelWeaponDisable\524279\g_needpass\0\sv_privateClients\0\sv_maxclients\14\sv_allowDownload\0\bot_minplayers\0\g_noSpecMove\0\g_debugMelee\1\g_allowNPC\1\g_maxGameClients\0\g_jediVmerc\0\g_forceRegenTime\200\g_forcePowerDisable\262143\g_weaponDisable\524279\g_siegeRespawn\20\g_siegeTeam1\none\g_siegeTeam2\none\version\JAmp: v1.0.1.0 win-x86 Oct 24 2003\g_maxHolocronCarry\3\g_gametype\0\protocol\26\mapname\mp/ffa5\g_stepSlideFix\1\gamename\basejka\g_saberWallDamageScale\0.4\bg_fighterAltControl\0\g_showDuelHealths\0
 21:52 ShutdownGame:
 21:52 ------------------------------------------------------------
 21:52 ------------------------------------------------------------
 21:52 InitGame: \g_siegeTeamSwitch\1\sv_floodProtect\1\sv_maxPing\0\sv_minPing\0\sv_maxRate\7000\sv_hostname\^3FZClub.Ru ^7| ^1Test\capturelimit\20\dmflags\128\fraglimit\00\timelimit\40\g_privateDuel\1\g_saberLocking\1\g_maxForceRank\7\duel_fraglimit\1\g_forceBasedTeams\0\g_duelWeaponDisable\524279\g_needpass\0\sv_privateClients\0\sv_maxclients\14\sv_allowDownload\0\bot_minplayers\0\g_noSpecMove\0\g_debugMelee\1\g_allowNPC\1\g_maxGameClients\0\g_jediVmerc\0\g_forceRegenTime\200\g_forcePowerDisable\0\g_weaponDisable\524279\g_siegeRespawn\20\g_siegeTeam1\none\g_siegeTeam2\none\version\JAmp: v1.0.1.0 win-x86 Oct 24 2003\g_maxHolocronCarry\3\g_gametype\0\protocol\26\mapname\mp/ffa5\g_stepSlideFix\1\gamename\basejka\g_saberWallDamageScale\0.4\bg_fighterAltControl\0\g_showDuelHealths\0
 23:34 ClientConnect: 0
 24:04 ClientBegin: 0
 24:43 setteam:  0 SPECTATOR FREE
 24:43 ClientBegin: 0
 25:25 ClientDisconnect: 0
 26:51 ShutdownGame:
 26:51 ------------------------------------------------------------
  0:00 ------------------------------------------------------------
  0:00 InitGame: \g_siegeTeamSwitch\1\sv_floodProtect\1\sv_maxPing\0\sv_minPing\0\sv_maxRate\7000\sv_hostname\^3FZClub.Ru ^7| ^1Test\capturelimit\20\dmflags\128\fraglimit\00\timelimit\40\g_privateDuel\1\g_saberLocking\1\g_maxForceRank\7\duel_fraglimit\1\g_forceBasedTeams\0\g_duelWeaponDisable\524279\g_needpass\0\sv_privateClients\0\sv_maxclients\14\sv_allowDownload\0\g_noSpecMove\0\g_debugMelee\1\g_allowNPC\1\g_maxGameClients\0\g_jediVmerc\0\g_forceRegenTime\200\g_forcePowerDisable\262143\g_weaponDisable\524279\g_siegeRespawn\20\g_siegeTeam1\none\g_siegeTeam2\none\version\JAmp: v1.0.1.0 win-x86 Oct 24 2003\g_maxHolocronCarry\3\g_gametype\0\protocol\26\mapname\mp/ffa5\g_stepSlideFix\1\gamename\basejka\g_saberWallDamageScale\0.4\bg_fighterAltControl\0\g_showDuelHealths\0
  1:31 ClientConnect: 0
  1:52 ClientBegin: 0
  1:54 setteam:  0 SPECTATOR FREE
  1:54 ClientBegin: 0
  3:59 ShutdownGame:
  3:59 ------------------------------------------------------------
  3:59 ------------------------------------------------------------
  3:59 InitGame: \g_siegeTeamSwitch\1\sv_floodProtect\1\sv_maxPing\0\sv_minPing\0\sv_maxRate\7000\sv_hostname\^3FZClub.Ru ^7| ^1Test\capturelimit\20\dmflags\128\fraglimit\00\timelimit\40\g_privateDuel\1\g_saberLocking\1\g_maxForceRank\7\duel_fraglimit\1\g_forceBasedTeams\0\g_duelWeaponDisable\524279\g_needpass\0\sv_privateClients\0\sv_maxclients\14\sv_allowDownload\0\bot_minplayers\0\g_noSpecMove\0\g_debugMelee\1\g_allowNPC\1\g_maxGameClients\0\g_jediVmerc\0\g_forceRegenTime\200\g_forcePowerDisable\262143\g_weaponDisable\524279\g_siegeRespawn\20\g_siegeTeam1\none\g_siegeTeam2\none\version\JAmp: v1.0.1.0 win-x86 Oct 24 2003\g_maxHolocronCarry\3\g_gametype\0\protocol\26\mapname\mp/ffa5\g_stepSlideFix\1\gamename\basejka\g_saberWallDamageScale\0.4\bg_fighterAltControl\0\g_showDuelHealths\0
  3:59 ClientConnect: 0
  4:08 ClientBegin: 0
  7:02 ShutdownGame:
  7:02 ------------------------------------------------------------
  0:00 ------------------------------------------------------------
  0:00 InitGame: \dmflags\0\fraglimit\1\timelimit\0\capturelimit\0\g_privateDuel\1\g_saberLocking\1\g_maxForceRank\6\duel_fraglimit\10\g_forceBasedTeams\0\g_duelWeaponDisable\524279\g_needpass\0\sv_privateClients\0\sv_hostname\''^0Sith ^0Ordser''\sv_maxclients\15\sv_maxRate\0\sv_minPing\0\sv_maxPing\0\sv_floodProtect\1\sv_allowDownload\1\g_siegeTeamSwitch\1\g_noSpecMove\0\g_debugMelee\1\g_allowNPC\1\g_maxGameClients\0\g_jediVmerc\0\g_forceRegenTime\200\g_forcePowerDisable\0\g_weaponDisable\0\g_siegeRespawn\20\g_siegeTeam1\none\g_siegeTeam2\none\version\JAmp: v1.0.1.0 win-x86 Oct 24 2003\g_maxHolocronCarry\3\g_gametype\7\protocol\26\mapname\mp/ffa3\g_stepSlideFix\1\gamename\basejka\g_saberWallDamageScale\0.4\bg_fighterAltControl\0\g_showDuelHealths\0
  0:00 ShutdownGame:
  0:00 ------------------------------------------------------------
  0:00 ------------------------------------------------------------
  0:00 InitGame: \dmflags\0\fraglimit\1\timelimit\0\capturelimit\0\g_privateDuel\1\g_saberLocking\1\g_maxForceRank\6\duel_fraglimit\10\g_forceBasedTeams\0\g_duelWeaponDisable\524279\g_needpass\0\sv_privateClients\0\sv_hostname\''^0Sith ^0Ordser''\sv_maxclients\15\sv_maxRate\0\sv_minPing\0\sv_maxPing\0\sv_floodProtect\1\sv_allowDownload\1\g_siegeTeamSwitch\1\g_noSpecMove\0\g_debugMelee\1\g_allowNPC\1\g_maxGameClients\0\g_jediVmerc\0\g_forceRegenTime\200\g_forcePowerDisable\0\g_weaponDisable\0\g_siegeRespawn\20\g_siegeTeam1\none\g_siegeTeam2\none\version\JAmp: v1.0.1.0 win-x86 Oct 24 2003\g_maxHolocronCarry\3\g_gametype\7\protocol\26\mapname\mp/ffa3\g_stepSlideFix\1\gamename\basejka\g_saberWallDamageScale\0.4\bg_fighterAltControl\0\g_showDuelHealths\0
  0:00 ShutdownGame:
  0:00 ------------------------------------------------------------
  0:00 ------------------------------------------------------------
  0:00 InitGame: \dmflags\0\fraglimit\1\timelimit\0\capturelimit\0\g_privateDuel\1\g_saberLocking\1\g_maxForceRank\6\duel_fraglimit\10\g_forceBasedTeams\0\g_duelWeaponDisable\524279\g_needpass\0\sv_privateClients\0\sv_hostname\''^0Sith ^0Ordser''\sv_maxclients\15\sv_maxRate\0\sv_minPing\0\sv_maxPing\0\sv_floodProtect\1\sv_allowDownload\1\g_siegeTeamSwitch\1\g_noSpecMove\0\g_debugMelee\1\g_allowNPC\1\g_maxGameClients\0\g_jediVmerc\0\g_forceRegenTime\200\g_forcePowerDisable\0\g_weaponDisable\0\g_siegeRespawn\20\g_siegeTeam1\none\g_siegeTeam2\none\version\JAmp: v1.0.1.0 win-x86 Oct 24 2003\g_maxHolocronCarry\3\g_gametype\7\protocol\26\mapname\mp/ffa2\g_stepSlideFix\1\gamename\basejka\g_saberWallDamageScale\0.4\bg_fighterAltControl\0\g_showDuelHealths\0
  0:13 ShutdownGame:
  0:13 ------------------------------------------------------------
  0:13 ------------------------------------------------------------
  0:13 InitGame: \dmflags\0\fraglimit\1\timelimit\0\capturelimit\0\g_privateDuel\1\g_saberLocking\1\g_maxForceRank\6\duel_fraglimit\10\g_forceBasedTeams\0\g_duelWeaponDisable\524279\g_needpass\0\sv_privateClients\0\sv_hostname\''^0Sith ^0Ordser''\sv_maxclients\15\sv_maxRate\0\sv_minPing\0\sv_maxPing\0\sv_floodProtect\1\sv_allowDownload\1\bot_minplayers\0\g_siegeTeamSwitch\1\g_noSpecMove\0\g_debugMelee\1\g_allowNPC\1\g_maxGameClients\0\g_jediVmerc\0\g_forceRegenTime\200\g_forcePowerDisable\0\g_weaponDisable\0\g_siegeRespawn\20\g_siegeTeam1\none\g_siegeTeam2\none\version\JAmp: v1.0.1.0 win-x86 Oct 24 2003\g_maxHolocronCarry\3\g_gametype\0\protocol\26\mapname\mp/ffa2\g_stepSlideFix\1\gamename\basejka\g_saberWallDamageScale\0.4\bg_fighterAltControl\0\g_showDuelHealths\0
  0:20 ShutdownGame:
  0:20 ------------------------------------------------------------
  0:20 ------------------------------------------------------------
  0:20 InitGame: \dmflags\0\fraglimit\1\timelimit\0\capturelimit\0\g_privateDuel\1\g_saberLocking\1\g_maxForceRank\6\duel_fraglimit\10\g_forceBasedTeams\0\g_duelWeaponDisable\524279\g_needpass\0\sv_privateClients\0\sv_hostname\''^0Sith ^0Ordser''\sv_maxclients\15\sv_maxRate\0\sv_minPing\0\sv_maxPing\0\sv_floodProtect\1\sv_allowDownload\1\bot_minplayers\0\g_siegeTeamSwitch\1\g_noSpecMove\0\g_debugMelee\1\g_allowNPC\1\g_maxGameClients\0\g_jediVmerc\0\g_forceRegenTime\200\g_forcePowerDisable\0\g_weaponDisable\0\g_siegeRespawn\20\g_siegeTeam1\none\g_siegeTeam2\none\version\JAmp: v1.0.1.0 win-x86 Oct 24 2003\g_maxHolocronCarry\3\g_gametype\0\protocol\26\mapname\mp/ffa3\g_stepSlideFix\1\gamename\basejka\g_saberWallDamageScale\0.4\bg_fighterAltControl\0\g_showDuelHealths\0
  0:20 ShutdownGame:
  0:20 ------------------------------------------------------------
  0:00 ------------------------------------------------------------
  0:00 InitGame: \dmflags\0\fraglimit\1\timelimit\0\capturelimit\0\g_privateDuel\1\g_saberLocking\1\g_maxForceRank\6\duel_fraglimit\10\g_forceBasedTeams\0\g_duelWeaponDisable\524279\g_needpass\0\sv_privateClients\0\sv_hostname\''^0Sith ^0Ordser''\sv_maxclients\15\sv_maxRate\0\sv_minPing\0\sv_maxPing\0\sv_floodProtect\1\sv_allowDownload\1\bot_minplayers\0\g_siegeTeamSwitch\1\g_noSpecMove\0\g_debugMelee\1\g_allowNPC\1\g_maxGameClients\0\g_jediVmerc\0\g_forceRegenTime\200\g_forcePowerDisable\0\g_weaponDisable\0\g_siegeRespawn\20\g_siegeTeam1\none\g_siegeTeam2\none\version\JAmp: v1.0.1.0 win-x86 Oct 24 2003\g_maxHolocronCarry\3\g_gametype\0\protocol\26\mapname\mp/ffa3\g_stepSlideFix\1\gamename\basejka\g_saberWallDamageScale\0.4\bg_fighterAltControl\0\g_showDuelHealths\0
  0:00 ShutdownGame:
  0:00 ------------------------------------------------------------
  0:00 ------------------------------------------------------------
  0:00 InitGame: \g_siegeTeam2\none\g_siegeTeam1\none\g_siegeRespawn\20\g_weaponDisable\0\g_forcePowerDisable\0\g_forceRegenTime\200\g_jediVmerc\0\g_maxGameClients\0\g_allowNPC\1\g_debugMelee\1\g_noSpecMove\0\g_siegeTeamSwitch\1\sv_allowDownload\1\sv_floodProtect\1\sv_maxPing\0\sv_minPing\0\sv_maxRate\0\sv_maxclients\15\sv_hostname\''^0Sith ^0Ordser''\sv_privateClients\0\g_needpass\0\g_duelWeaponDisable\524279\g_forceBasedTeams\0\duel_fraglimit\10\g_maxForceRank\6\g_saberLocking\1\g_privateDuel\1\capturelimit\0\timelimit\0\fraglimit\1\dmflags\0\version\JAmp: v1.0.1.0 win-x86 Oct 24 2003\g_maxHolocronCarry\3\g_gametype\7\protocol\26\mapname\mp/ffa3\g_stepSlideFix\1\gamename\basejka\g_saberWallDamageScale\0.4\bg_fighterAltControl\0\g_showDuelHealths\0
  0:00 ShutdownGame:
  0:00 ------------------------------------------------------------
  0:00 ------------------------------------------------------------
  0:00 InitGame: \g_siegeTeam2\none\g_siegeTeam1\none\g_siegeRespawn\20\g_maxGameClients\0\g_jediVmerc\0\g_siegeTeamSwitch\1\g_debugMelee\2\g_allowNPC\1\g_stepSlideFix\1\g_saberwalldamagescale\1\g_forceRegenTime\100\g_forcePowerDisable\0\g_weaponDisable\0\sv_allowDownload\0\sv_floodProtect\1\sv_maxPing\0\sv_minPing\0\sv_maxRate\25000\sv_maxclients\18\sv_hostname\^0[^7Force-Zone.Ru^0]^1Roleplay\g_gametype\0\g_duelWeaponDisable\0\g_forceBasedTeams\0\duel_fraglimit\0\g_maxForceRank\7\g_saberLocking\1\g_privateDuel\-1\capturelimit\00\timelimit\0\fraglimit\00\dmflags\0\version\JAmp: v1.0.1.0 win-x86 Oct 24 2003\g_maxHolocronCarry\3\g_needpass\0\protocol\26\mapname\mp/duel1\sv_privateClients\0\g_noSpecMove\0\gamename\basejka\bg_fighterAltControl\0\g_showDuelHealths\0
  0:00 ShutdownGame:
  0:00 ------------------------------------------------------------
